23:03:49.944 [main] INFO  realestate.agency.RealEstateAgency - Welcome to XYZ Real estate agency! Here are our services:
23:03:49.959 [main] INFO  realestate.transactions.Bill - consultation: 500.0
tenant representation:200.0
fit out 700.0
Buy mediations: 2000.0
Rent mediations: 500.0
23:03:49.962 [main] INFO  realestate.Main - All agency agents: 
23:03:50.050 [main] INFO  realestate.person.Agent - Agent name: Asia Kowalska. Phone number: +48123456789 Email: 123@gmail.comArea of work: Warszawa
23:03:50.051 [main] INFO  realestate.person.Agent - Agent name: Basia Kowalska. Phone number: +48123456789 Email: 123@gmail.comArea of work: Gdansk
23:03:50.051 [main] INFO  realestate.Main - All clients: 
23:03:50.609 [main] INFO  realestate.person.Client - Client name: One First. Phone number: +48111111111 Email: clientone@gmail.com
Looking for apartment for RENTAL with 2 bedrooms and 1 bathrooms
Without parkingBudget: 3300.0

23:03:50.611 [main] INFO  realestate.person.Client - Client name: Two Second. Phone number: +48222222222 Email: clienttwo@gmail.com
Looking for apartment for BUY with 4 bedrooms and 1 bathrooms
Without parkingBudget: 600000.0

23:03:50.611 [main] INFO  realestate.Main - All available apartments: 
23:03:50.642 [main] INFO  realestate.apartment.Apartment - Apartment number 1 in Lublin
No. of rooms: 2 No. of bathrooms 1.
 Buying price: 150000.0 Rent price: 2300.0

23:03:50.643 [main] INFO  realestate.apartment.Apartment - Apartment number 2 in Warszawa
No. of rooms: 2 No. of bathrooms 1.
 Buying price: 300000.0 Rent price: 3200.0

23:03:50.644 [main] INFO  realestate.apartment.Apartment - Apartment number 3 in Gdansk
No. of rooms: 5 No. of bathrooms 1.
 Buying price: 320000.0 Rent price: 3200.0

23:03:50.694 [main] INFO  realestate.apartment.Apartment - Apartment number 4 in Gdansk
No. of rooms: 4 No. of bathrooms 1.
 Buying price: 520000.0 Rent price: 5000.0

23:03:50.704 [main] INFO  realestate.person.Client - Nearest appointment for client is at: 2024-11-10T15:30
23:03:50.704 [main] INFO  realestate.Main - Suitable apartments for customer one
23:03:50.705 [main] INFO  realestate.apartment.Apartment - Apartment number 2 in Warszawa
No. of rooms: 2 No. of bathrooms 1.
 Buying price: 300000.0 Rent price: 3200.0

23:03:50.705 [main] INFO  realestate.Main - Suitable apartments for customer two
23:03:50.705 [main] INFO  realestate.apartment.Apartment - Apartment number 3 in Gdansk
No. of rooms: 5 No. of bathrooms 1.
 Buying price: 320000.0 Rent price: 3200.0

23:03:50.708 [main] INFO  realestate.apartment.Apartment - Apartment number 4 in Gdansk
No. of rooms: 4 No. of bathrooms 1.
 Buying price: 520000.0 Rent price: 5000.0

23:03:50.708 [main] INFO  realestate.Main - Making transactions: 
23:03:50.708 [main] INFO  realestate.Main - Make a decision as a both customers: 
23:03:50.806 [main] INFO  realestate.Main - Which apartment does user one pick: 
23:03:55.895 [main] INFO  realestate.agency.RealEstateAgency - Rent Transaction Id: 0
Parcel Id: 2 in Warszawa
Rented by One First
With help of agent Asia Kowalska
Time of transaction: 2023-11-16T23:03:55.825265600
Rent start date: 2023-11-03 Rent end date: 2026-11-01
Total 5100.0
23:03:55.899 [main] INFO  realestate.Main - Which apartment does user two pick: 
23:03:57.272 [main] INFO  realestate.agency.RealEstateAgency - Buy transaction Id: 0
Parcel Id: 3 in Gdansk
Bought by Two Second
With help of agent Basia Kowalska
Time of transaction: 2023-11-16T23:03:57.244263500
Total 323400.0
23:03:57.274 [main] INFO  realestate.Main - Showing that apartments disappear after being bought
23:03:57.274 [main] INFO  realestate.apartment.Apartment - Apartment number 1 in Lublin
No. of rooms: 2 No. of bathrooms 1.
 Buying price: 150000.0 Rent price: 2300.0

23:03:57.274 [main] INFO  realestate.apartment.Apartment - Apartment number 3 in Gdansk
No. of rooms: 5 No. of bathrooms 1.
 Buying price: 320000.0 Rent price: 3200.0

23:03:57.275 [main] INFO  realestate.apartment.Apartment - Apartment number 4 in Gdansk
No. of rooms: 4 No. of bathrooms 1.
 Buying price: 520000.0 Rent price: 5000.0

23:03:57.307 [main] INFO  realestate.agency.RealEstateAgency - Maintenance Requests:
23:03:57.314 [main] INFO  realestate.agency.RealEstateAgency - For Two in apartment number 2
23:03:57.315 [main] INFO  realestate.agency.RealEstateAgency - For One in apartment number 1
23:03:57.316 [main] INFO  realestate.agency.RealEstateAgency - Maintenance Requests:
23:03:57.316 [main] INFO  realestate.agency.RealEstateAgency - For One in apartment number 1
23:03:57.343 [main] INFO  realestate.agency.RealEstateAgency - { realestate.agency.AgencyStatus@6e0f5f7f }
14:43:55.309 [main] INFO  realestate.agency.RealEstateAgency - Welcome to XYZ Real estate agency! Here are our services:
14:43:55.321 [main] INFO  realestate.transactions.Bill - consultation: 500.0
tenant representation:200.0
fit out 700.0
Buy mediations: 2000.0
Rent mediations: 500.0
14:43:55.325 [main] INFO  realestate.Main - All agency agents: 
14:43:55.340 [main] INFO  realestate.person.Agent - Agent name: Asia Kowalska. Phone number: +48123456789 Email: 123@gmail.comArea of work: Warszawa
14:43:55.340 [main] INFO  realestate.person.Agent - Agent name: Basia Kowalska. Phone number: +48123456789 Email: 123@gmail.comArea of work: Gdansk
14:43:55.340 [main] INFO  realestate.Main - All clients: 
14:43:55.364 [main] INFO  realestate.person.Client - Client name: One First. Phone number: +48111111111 Email: clientone@gmail.com
Looking for apartment for RENTAL with 2 bedrooms and 1 bathrooms
Without parkingBudget: 3300.0

14:43:55.365 [main] INFO  realestate.person.Client - Client name: Two Second. Phone number: +48222222222 Email: clienttwo@gmail.com
Looking for apartment for BUY with 4 bedrooms and 1 bathrooms
Without parkingBudget: 600000.0

14:43:55.366 [main] INFO  realestate.Main - All available apartments: 
14:43:55.389 [main] INFO  realestate.apartment.Apartment - Apartment number 1 in Lublin
No. of rooms: 2 No. of bathrooms 1.
 Buying price: 150000.0 Rent price: 2300.0

14:43:55.391 [main] INFO  realestate.apartment.Apartment - Apartment number 2 in Warszawa
No. of rooms: 2 No. of bathrooms 1.
 Buying price: 300000.0 Rent price: 3200.0

14:43:55.393 [main] INFO  realestate.apartment.Apartment - Apartment number 3 in Gdansk
No. of rooms: 5 No. of bathrooms 1.
 Buying price: 320000.0 Rent price: 3200.0

14:43:55.396 [main] INFO  realestate.apartment.Apartment - Apartment number 4 in Gdansk
No. of rooms: 4 No. of bathrooms 1.
 Buying price: 520000.0 Rent price: 5000.0

14:43:55.444 [main] INFO  realestate.person.Client - Nearest appointment for client is at: 2024-11-10T15:30
14:43:55.445 [main] INFO  realestate.Main - Suitable apartments for customer one
14:43:55.445 [main] INFO  realestate.apartment.Apartment - Apartment number 2 in Warszawa
No. of rooms: 2 No. of bathrooms 1.
 Buying price: 300000.0 Rent price: 3200.0

14:43:55.446 [main] INFO  realestate.Main - Suitable apartments for customer two
14:43:55.448 [main] INFO  realestate.apartment.Apartment - Apartment number 3 in Gdansk
No. of rooms: 5 No. of bathrooms 1.
 Buying price: 320000.0 Rent price: 3200.0

14:43:55.448 [main] INFO  realestate.apartment.Apartment - Apartment number 4 in Gdansk
No. of rooms: 4 No. of bathrooms 1.
 Buying price: 520000.0 Rent price: 5000.0

14:43:55.449 [main] INFO  realestate.Main - Making transactions: 
14:43:55.449 [main] INFO  realestate.Main - Make a decision as a both customers: 
14:43:55.477 [main] INFO  realestate.Main - Which apartment does user one pick: 
15:44:02.209 [main] INFO  com.solvd.realestate.agency.RealEstateAgency - Welcome to XYZ Real estate agency! Here are our services:
15:44:02.222 [main] INFO  com.solvd.realestate.transactions.Bill - consultation: 500.0
tenant representation:200.0
fit out 700.0
Buy mediations: 2000.0
Rent mediations: 500.0
15:44:02.227 [main] INFO  com.solvd.realestate.Main - All agency agents: 
15:44:02.243 [main] INFO  com.solvd.realestate.person.Agent - Agent name: Asia Kowalska. Phone number: +48123456789 Email: 123@gmail.comArea of work: Warszawa
15:44:02.244 [main] INFO  com.solvd.realestate.person.Agent - Agent name: Basia Kowalska. Phone number: +48123456789 Email: 123@gmail.comArea of work: Gdansk
15:44:02.244 [main] INFO  com.solvd.realestate.Main - All clients: 
15:44:02.268 [main] INFO  com.solvd.realestate.person.Client - Client name: One First. Phone number: +48111111111 Email: clientone@gmail.com
Looking for apartment for RENTAL with 2 bedrooms and 1 bathrooms
Without parkingBudget: 3300.0

15:44:02.269 [main] INFO  com.solvd.realestate.person.Client - Client name: Two Second. Phone number: +48222222222 Email: clienttwo@gmail.com
Looking for apartment for BUY with 4 bedrooms and 1 bathrooms
Without parkingBudget: 600000.0

15:44:02.269 [main] INFO  com.solvd.realestate.Main - All available apartments: 
15:44:02.282 [main] INFO  com.solvd.realestate.apartment.Apartment - Apartment number 1 in Lublin
No. of rooms: 2 No. of bathrooms 1.
 Buying price: 150000.0 Rent price: 2300.0

15:44:02.282 [main] INFO  com.solvd.realestate.apartment.Apartment - Apartment number 2 in Warszawa
No. of rooms: 2 No. of bathrooms 1.
 Buying price: 300000.0 Rent price: 3200.0

15:44:02.283 [main] INFO  com.solvd.realestate.apartment.Apartment - Apartment number 3 in Gdansk
No. of rooms: 5 No. of bathrooms 1.
 Buying price: 320000.0 Rent price: 3200.0

15:44:02.283 [main] INFO  com.solvd.realestate.apartment.Apartment - Apartment number 4 in Gdansk
No. of rooms: 4 No. of bathrooms 1.
 Buying price: 520000.0 Rent price: 5000.0

15:44:02.313 [main] INFO  com.solvd.realestate.person.Client - Nearest appointment for client is at: 2024-11-10T15:30
15:44:02.314 [main] INFO  com.solvd.realestate.Main - Suitable apartments for customer one
15:44:02.314 [main] INFO  com.solvd.realestate.apartment.Apartment - Apartment number 2 in Warszawa
No. of rooms: 2 No. of bathrooms 1.
 Buying price: 300000.0 Rent price: 3200.0

15:44:02.314 [main] INFO  com.solvd.realestate.Main - Suitable apartments for customer two
15:44:02.315 [main] INFO  com.solvd.realestate.apartment.Apartment - Apartment number 3 in Gdansk
No. of rooms: 5 No. of bathrooms 1.
 Buying price: 320000.0 Rent price: 3200.0

15:44:02.316 [main] INFO  com.solvd.realestate.apartment.Apartment - Apartment number 4 in Gdansk
No. of rooms: 4 No. of bathrooms 1.
 Buying price: 520000.0 Rent price: 5000.0

15:44:02.316 [main] INFO  com.solvd.realestate.Main - Making transactions: 
15:44:02.316 [main] INFO  com.solvd.realestate.Main - Make a decision as a both customers: 
15:44:02.339 [main] INFO  com.solvd.realestate.Main - Which apartment does user one pick: 
